e:\vsproject\frsml\frs-v\x64\debug\vc141.pdb
e:\vsproject\frsml\frs-v\x64\debug\vc141.idb
e:\vsproject\frsml\frs-v\x64\debug\frs_shaderreader.obj
e:\vsproject\frsml\frs-v\x64\debug\frs_commander.obj
e:\vsproject\frsml\frs-v\x64\debug\frs_contentmanager.obj
e:\vsproject\frsml\frs-v\x64\debug\frsdevice.obj
e:\vsproject\frsml\frs-v\x64\debug\frsgame.obj
e:\vsproject\frsml\frs-v\x64\debug\frsqueuefamily.obj
e:\vsproject\frsml\frs-v\x64\debug\frsswapchain.obj
e:\vsproject\frsml\frs-v\x64\debug\frswin.obj
e:\vsproject\frsml\frs-v\x64\debug\frs_framebuffer.obj
e:\vsproject\frsml\frs-v\x64\debug\frs_graphicpipeline.obj
e:\vsproject\frsml\frs-v\x64\debug\frs_vkshader.obj
e:\vsproject\frsml\frs-v\x64\debug\frs_vkextensions.obj
e:\vsproject\frsml\x64\debug\frs-v.lib
e:\vsproject\frsml\x64\debug\frs-v.exp
e:\vsproject\frsml\x64\debug\frs-v.ilk
e:\vsproject\frsml\x64\debug\frs-v.dll
e:\vsproject\frsml\x64\debug\frs-v.pdb
e:\vsproject\frsml\frs-v\x64\debug\frs-v.tlog\cl.command.1.tlog
e:\vsproject\frsml\frs-v\x64\debug\frs-v.tlog\cl.read.1.tlog
e:\vsproject\frsml\frs-v\x64\debug\frs-v.tlog\cl.write.1.tlog
e:\vsproject\frsml\frs-v\x64\debug\frs-v.tlog\frs-v.write.1u.tlog
e:\vsproject\frsml\frs-v\x64\debug\frs-v.tlog\link.command.1.tlog
e:\vsproject\frsml\frs-v\x64\debug\frs-v.tlog\link.read.1.tlog
e:\vsproject\frsml\frs-v\x64\debug\frs-v.tlog\link.write.1.tlog
