e:\vsproject\frsml\frs-v\x64\debug\vc141.pdb
e:\vsproject\frsml\frs-v\x64\debug\vc141.idb
e:\vsproject\frsml\frs-v\x64\debug\buffer.obj
e:\vsproject\frsml\frs-v\x64\debug\shaderreader.obj
e:\vsproject\frsml\frs-v\x64\debug\commander.obj
e:\vsproject\frsml\frs-v\x64\debug\contentmanager.obj
e:\vsproject\frsml\frs-v\x64\debug\device.obj
e:\vsproject\frsml\frs-v\x64\debug\queuefamily.obj
e:\vsproject\frsml\frs-v\x64\debug\swapchain.obj
e:\vsproject\frsml\frs-v\x64\debug\framebuffer.obj
e:\vsproject\frsml\frs-v\x64\debug\graphicpipeline.obj
e:\vsproject\frsml\frs-v\x64\debug\vkextensions.obj
e:\vsproject\frsml\frs-v\x64\debug\shader.obj
e:\vsproject\frsml\frs-v\x64\debug\window.obj
e:\vsproject\frsml\frs-v\x64\debug\game.obj
e:\vsproject\frsml\frs-v\x64\debug\controller.obj
e:\vsproject\frsml\frs-v\x64\debug\texturereader.obj
e:\vsproject\frsml\frs-v\x64\debug\texture.obj
e:\vsproject\frsml\frs-v\x64\debug\dds.obj
e:\vsproject\frsml\frs-v\x64\debug\time.obj
e:\vsproject\frsml\x64\debug\frs.lib
e:\vsproject\frsml\x64\debug\frs.exp
e:\vsproject\frsml\x64\debug\frs.ilk
e:\vsproject\frsml\x64\debug\frs.dll
e:\vsproject\frsml\x64\debug\frs.pdb
e:\vsproject\frsml\frs-v\x64\debug\commander.obj.enc
e:\vsproject\frsml\frs-v\x64\debug\contentmanager.obj.enc
e:\vsproject\frsml\frs-v\x64\debug\framebuffer.obj.enc
e:\vsproject\frsml\frs-v\x64\debug\game.obj.enc
e:\vsproject\frsml\frs-v\x64\debug\graphicpipeline.obj.enc
e:\vsproject\frsml\frs-v\x64\debug\texture.obj.enc
e:\vsproject\frsml\frs-v\x64\debug\texturereader.obj.enc
e:\vsproject\frsml\frs-v\x64\debug\vkextensions.obj.enc
e:\vsproject\frsml\frs-v\x64\debug\frs.tlog\cl.command.1.tlog
e:\vsproject\frsml\frs-v\x64\debug\frs.tlog\cl.read.1.tlog
e:\vsproject\frsml\frs-v\x64\debug\frs.tlog\cl.write.1.tlog
e:\vsproject\frsml\frs-v\x64\debug\frs.tlog\frs.write.1u.tlog
e:\vsproject\frsml\frs-v\x64\debug\frs.tlog\link.command.1.tlog
e:\vsproject\frsml\frs-v\x64\debug\frs.tlog\link.read.1.tlog
e:\vsproject\frsml\frs-v\x64\debug\frs.tlog\link.write.1.tlog
